1. direnv: loading ~/Dokumenter/Kodefiler/Ejaztemplate/LearningLab/LearningLab/.envrc            
direnv: export +DATABASE_URL +JWT_EXPIRES_IN +JWT_SECRET +NEXT_PUBLIC_API_URL ~PATH
Yousef@MacBook-Pro-tilhrende-Yousef LearningLab % nps prepare
nps is executing `prepare` : nps prepare.web prepare.api
nps is executing `prepare.web` : yarn
➤ YN0000: · Yarn 4.9.1
➤ YN0000: ┌ Resolution step
➤ YN0000: └ Completed in 0s 225ms
➤ YN0000: ┌ Fetch step
➤ YN0000: └ Completed in 0s 649ms
➤ YN0000: ┌ Link step
➤ YN0000: └ Completed in 0s 259ms
➤ YN0000: · Done in 1s 271ms
nps is executing `prepare.api` : nps prisma.migrate.dev
nps is executing `prisma.migrate.dev` : cd /Users/Yousef_1/Dokumenter/Kodefiler/Ejaztemplate/LearningLab/LearningLab/apps/api && npx prisma migrate dev
Environment variables loaded from .env
Prisma schema loaded from prisma/schema.prisma
Datasource "db": PostgreSQL database "learninglab_dev", schema "public" at "localhost:5432"

Applying migration `20220307034109_initial_migrate`
Applying migration `20250517073440_add_user_auth_fields`
Applying migration `20250517122525_add_password_reset_fields`

The following migration(s) have been applied:

migrations/
  └─ 20220307034109_initial_migrate/
    └─ migration.sql
  └─ 20250517073440_add_user_auth_fields/
    └─ migration.sql
  └─ 20250517122525_add_password_reset_fields/
    └─ migration.sql

Your database is now in sync with your schema.

✔ Generated Prisma Client (v5.22.0) to ./../../node_modules/@prisma/client in 49ms


Yousef@MacBook-Pro-tilhrende-Yousef LearningLab %       nps dev

nps is executing `dev` : npx turbo run dev
• Packages in scope: @repo/config, @repo/core, api, tsconfig, ui, web
• Running dev in 6 packages
• Remote caching disabled
api:dev: cache bypass, force executing 75c621f198a8a844
web:dev: cache bypass, force executing 541b8ce84f9b229e
web:dev: - ready started server on 0.0.0.0:3000, url: http://localhost:3000
web:dev: - info Loaded env from /Users/Yousef_1/Dokumenter/Kodefiler/Ejaztemplate/LearningLab/LearningLab/apps/web/.env.local
api:dev: Environment variables loaded from .env
api:dev: Prisma schema loaded from prisma/schema.prisma
api:dev: 
api:dev: ✔ Generated Prisma Client (v5.22.0) to ./../../node_modules/@prisma/client in 45ms
api:dev: 
api:dev: Start by importing your Prisma Client (See: https://pris.ly/d/importing-client)
api:dev: 
api:dev: Tip: Easily identify and fix slow SQL queries in your app. Optimize helps you enhance your visibility: https://pris.ly/--optimize
api:dev: 
web:dev: - info automatically enabled Fast Refresh for 1 custom loader
web:dev: - event compiled client and server successfully in 174 ms (18 modules)
web:dev: - wait compiling...
web:dev: - event compiled client and server successfully in 97 ms (18 modules)
api:dev: 
api:dev:  Info  Webpack is building your sources...
api:dev: 
api:dev: ERROR in ./src/auth/auth.service.ts:39:41
api:dev: TS2769: No overload matches this call.
api:dev:   Overload 1 of 4, '(propertyPath: never, options: ConfigGetOptions): string', gave the following error.
api:dev:     Argument of type '"JWT_SECRET"' is not assignable to parameter of type 'never'.
api:dev:   Overload 2 of 4, '(propertyPath: string | number | symbol, defaultValue: string): string', gave the following error.
api:dev:     Argument of type '{ infer: boolean; }' is not assignable to parameter of type 'string'.
api:dev:     37 |         this.saltRounds = saltFromEnv;
api:dev:     38 |     }
api:dev:   > 39 |     this.jwtSecret = this.configService.get('JWT_SECRET', { infer: true });
api:dev:        |                                         ^^^
api:dev:     40 |     this.jwtExpiresIn = this.configService.get('JWT_EXPIRES_IN', { infer: true });
api:dev:     41 |   }
api:dev:     42 |
api:dev: 
api:dev: ERROR in ./src/auth/auth.service.ts:40:44
api:dev: TS2769: No overload matches this call.
api:dev:   Overload 1 of 4, '(propertyPath: never, options: ConfigGetOptions): string', gave the following error.
api:dev:     Argument of type '"JWT_EXPIRES_IN"' is not assignable to parameter of type 'never'.
api:dev:   Overload 2 of 4, '(propertyPath: string | number | symbol, defaultValue: string): string', gave the following error.
api:dev:     Argument of type '{ infer: boolean; }' is not assignable to parameter of type 'string'.
api:dev:     38 |     }
api:dev:     39 |     this.jwtSecret = this.configService.get('JWT_SECRET', { infer: true });
api:dev:   > 40 |     this.jwtExpiresIn = this.configService.get('JWT_EXPIRES_IN', { infer: true });
api:dev:        |                                            ^^^
api:dev:     41 |   }
api:dev:     42 |
api:dev:     43 |   private mapToCoreUserFromPrisma(user: PrismaGeneratedUserType): Omit<CoreUser, 'passwordHash'> {
api:dev: 
api:dev: ERROR in ./src/config/environment-variables.ts:1:22
api:dev: TS2307: Cannot find module 'joi' or its corresponding type declarations.
api:dev:   > 1 | import * as Joi from 'joi';
api:dev:       |                      ^^^^^
api:dev:     2 |
api:dev:     3 | export interface EnvironmentVariables {
api:dev:     4 |   DATABASE_URL: string;
api:dev: 
api:dev: webpack 5.97.1 compiled with 3 errors in 2789 ms
api:dev: [Nest] 53374  - 05/20/2025, 7:30:09 PM     LOG [NestFactory] Starting Nest application...
api:dev: [Nest] 53374  - 05/20/2025, 7:30:10 PM     LOG [InstanceLoader] PersistenceModule dependencies initialized +373ms
api:dev: [Nest] 53374  - 05/20/2025, 7:30:10 PM     LOG [InstanceLoader] PassportModule dependencies initialized +0ms
api:dev: [Nest] 53374  - 05/20/2025, 7:30:10 PM     LOG [InstanceLoader] ConfigHostModule dependencies initialized +5ms
api:dev: [Nest] 53374  - 05/20/2025, 7:30:10 PM     LOG [InstanceLoader] JwtModule dependencies initialized +0ms
api:dev: [Nest] 53374  - 05/20/2025, 7:30:10 PM     LOG [InstanceLoader] ConfigModule dependencies initialized +0ms
api:dev: [Nest] 53374  - 05/20/2025, 7:30:10 PM     LOG [InstanceLoader] ConfigModule dependencies initialized +1ms
api:dev: [Nest] 53374  - 05/20/2025, 7:30:10 PM     LOG [InstanceLoader] AppModule dependencies initialized +0ms
api:dev: [Nest] 53374  - 05/20/2025, 7:30:10 PM   ERROR [ExceptionHandler] JwtStrategy requires a secret or key
api:dev: TypeError: JwtStrategy requires a secret or key
api:dev:     at new JwtStrategy (/Users/Yousef_1/Dokumenter/Kodefiler/Ejaztemplate/LearningLab/LearningLab/node_modules/passport-jwt/lib/strategy.js:45:15)
api:dev:     at new StrategyWithMixin (/Users/Yousef_1/Dokumenter/Kodefiler/Ejaztemplate/LearningLab/LearningLab/apps/api/dist/main.js:12396:13)
api:dev:     at new JwtStrategy (/Users/Yousef_1/Dokumenter/Kodefiler/Ejaztemplate/LearningLab/LearningLab/apps/api/dist/main.js:12633:9)
api:dev:     at Injector.instantiateClass (/Users/Yousef_1/Dokumenter/Kodefiler/Ejaztemplate/LearningLab/LearningLab/apps/api/dist/main.js:3555:19)
api:dev:     at callback (/Users/Yousef_1/Dokumenter/Kodefiler/Ejaztemplate/LearningLab/LearningLab/apps/api/dist/main.js:3247:45)
api:dev:     at process.processTicksAndRejections (node:internal/process/task_queues:105:5)
api:dev:     at async Injector.resolveConstructorParams (/Users/Yousef_1/Dokumenter/Kodefiler/Ejaztemplate/LearningLab/LearningLab/apps/api/dist/main.js:3327:24)
api:dev:     at async Injector.loadInstance (/Users/Yousef_1/Dokumenter/Kodefiler/Ejaztemplate/LearningLab/LearningLab/apps/api/dist/main.js:3252:13)
api:dev:     at async Injector.loadProvider (/Users/Yousef_1/Dokumenter/Kodefiler/Ejaztemplate/LearningLab/LearningLab/apps/api/dist/main.js:3280:9)
api:dev:     at async /Users/Yousef_1/Dokumenter/Kodefiler/Ejaztemplate/LearningLab/LearningLab/apps/api/dist/main.js:8771:13


2. direnv: loading ~/Dokumenter/Kodefiler/Ejaztemplate/LearningLab/LearningLab/.envrc            
direnv: export +DATABASE_URL +JWT_EXPIRES_IN +JWT_SECRET +NEXT_PUBLIC_API_URL ~PATH
Yousef@MacBook-Pro-tilhrende-Yousef LearningLab % nps build

nps is executing `build` : npx turbo run build
• Packages in scope: @repo/config, @repo/core, api, tsconfig, ui, web
• Running build in 6 packages
• Remote caching disabled
@repo/core:build: cache miss, executing 6bd9f29d5cacd642
@repo/config:build: cache miss, executing 3e6dcaa6bebf9956
api:build: cache miss, executing 961f347dd39138d7
web:build: cache miss, executing 92a8fd1b59888e3c
web:build: - info Loaded env from /Users/Yousef_1/Dokumenter/Kodefiler/Ejaztemplate/LearningLab/LearningLab/apps/web/.env.local
web:build: - info Linting and checking validity of types...
web:build: - error ESLint: Cannot read config file: /Users/Yousef_1/Dokumenter/Kodefiler/Ejaztemplate/LearningLab/LearningLab/apps/web/.eslintrc.js Error: Cannot find module 'config/eslint-preset' Require stack: - /Users/Yousef_1/Dokumenter/Kodefiler/Ejaztemplate/LearningLab/LearningLab/apps/web/.eslintrc.js - /Users/Yousef_1/Dokumenter/Kodefiler/Ejaztemplate/LearningLab/LearningLab/node_modules/@eslint/eslintrc/dist/eslintrc.cjs - /Users/Yousef_1/Dokumenter/Kodefiler/Ejaztemplate/LearningLab/LearningLab/apps/web/node_modules/eslint/lib/cli-engine/cli-engine.js - /Users/Yousef_1/Dokumenter/Kodefiler/Ejaztemplate/LearningLab/LearningLab/apps/web/node_modules/eslint/lib/eslint/eslint.js - /Users/Yousef_1/Dokumenter/Kodefiler/Ejaztemplate/LearningLab/LearningLab/apps/web/node_modules/eslint/lib/eslint/index.js - /Users/Yousef_1/Dokumenter/Kodefiler/Ejaztemplate/LearningLab/LearningLab/apps/web/node_modules/eslint/lib/api.js - /Users/Yousef_1/Dokumenter/Kodefiler/Ejaztemplate/LearningLab/LearningLab/node_modules/next/dist/lib/eslint/runLintCheck.js - /Users/Yousef_1/Dokumenter/Kodefiler/Ejaztemplate/LearningLab/LearningLab/node_modules/next/dist/compiled/jest-worker/processChild.js
api:build: src/auth/auth.service.ts:39:41 - error TS2769: No overload matches this call.
api:build:   Overload 1 of 4, '(propertyPath: never, options: ConfigGetOptions): string', gave the following error.
api:build:     Argument of type '"JWT_SECRET"' is not assignable to parameter of type 'never'.
api:build:   Overload 2 of 4, '(propertyPath: string | number | symbol, defaultValue: string): string', gave the following error.
api:build:     Argument of type '{ infer: boolean; }' is not assignable to parameter of type 'string'.
api:build: 
api:build: 39     this.jwtSecret = this.configService.get('JWT_SECRET', { infer: true });
api:build:                                            ~~~
api:build: 
api:build: src/auth/auth.service.ts:40:44 - error TS2769: No overload matches this call.
api:build:   Overload 1 of 4, '(propertyPath: never, options: ConfigGetOptions): string', gave the following error.
api:build:     Argument of type '"JWT_EXPIRES_IN"' is not assignable to parameter of type 'never'.
api:build:   Overload 2 of 4, '(propertyPath: string | number | symbol, defaultValue: string): string', gave the following error.
api:build:     Argument of type '{ infer: boolean; }' is not assignable to parameter of type 'string'.
api:build: 
api:build: 40     this.jwtExpiresIn = this.configService.get('JWT_EXPIRES_IN', { infer: true });
api:build:                                               ~~~
api:build: 
api:build: src/config/environment-variables.ts:1:22 - error TS2307: Cannot find module 'joi' or its corresponding type declarations.
api:build: 
api:build: 1 import * as Joi from 'joi';
api:build:                        ~~~~~
api:build: 
api:build: Found 3 error(s).
api:build: 
api:build: ERROR: command finished with error: command (/Users/Yousef_1/Dokumenter/Kodefiler/Ejaztemplate/LearningLab/LearningLab/apps/api) yarn run build exited (1)
api#build: command (/Users/Yousef_1/Dokumenter/Kodefiler/Ejaztemplate/LearningLab/LearningLab/apps/api) yarn run build exited (1)

 Tasks:    2 successful, 4 total
Cached:    0 cached, 4 total
  Time:    6.35s 
Failed:    api#build

 ERROR  run failed: command  exited (1)
The script called "build" which runs "npx turbo run build" failed with exit code 1 https://github.com/sezna/nps/blob/master/other/ERRORS_AND_WARNINGS.md#failed-with-exit-code
Yousef@MacBook-Pro-tilhrende-Yousef LearningLab % yarn dev    # alias for `npx turbo run dev`
yarn build  # alias for `npx turbo run build`

• Packages in scope: @repo/config, @repo/core, api, tsconfig, ui, web
• Running dev in 6 packages
• Remote caching disabled
api:dev: cache bypass, force executing 75c621f198a8a844
web:dev: cache bypass, force executing 1e7a3f5b7b5b530a
web:dev: - warn Port 3000 is in use, trying 3001 instead.
web:dev: - ready started server on 0.0.0.0:3001, url: http://localhost:3001
web:dev: - info Loaded env from /Users/Yousef_1/Dokumenter/Kodefiler/Ejaztemplate/LearningLab/LearningLab/apps/web/.env.local
api:dev: Environment variables loaded from .env
api:dev: Prisma schema loaded from prisma/schema.prisma
api:dev: 
api:dev: ✔ Generated Prisma Client (v5.22.0) to ./../../node_modules/@prisma/client in 49ms
api:dev: 
api:dev: Start by importing your Prisma Client (See: https://pris.ly/d/importing-client)
api:dev: 
api:dev: Tip: Want to turn off tips and other hints? https://pris.ly/tip-4-nohints
api:dev: 
api:dev: ┌─────────────────────────────────────────────────────────┐
api:dev: │  Update available 5.22.0 -> 6.8.2                       │
api:dev: │                                                         │
api:dev: │  This is a major update - please follow the guide at    │
api:dev: │  https://pris.ly/d/major-version-upgrade                │
api:dev: │                                                         │
api:dev: │  Run the following to update                            │
api:dev: │    yarn add --dev prisma@latest                         │
api:dev: │    yarn add @prisma/client@latest                       │
api:dev: └─────────────────────────────────────────────────────────┘
web:dev: - info automatically enabled Fast Refresh for 1 custom loader
web:dev: - event compiled client and server successfully in 130 ms (18 modules)
web:dev: - wait compiling...
web:dev: - event compiled client and server successfully in 98 ms (18 modules)
api:dev: 
api:dev:  Info  Webpack is building your sources...
api:dev: 
api:dev: ERROR in ./src/auth/auth.service.ts:39:41
api:dev: TS2769: No overload matches this call.
api:dev:   Overload 1 of 4, '(propertyPath: never, options: ConfigGetOptions): string', gave the following error.
api:dev:     Argument of type '"JWT_SECRET"' is not assignable to parameter of type 'never'.
api:dev:   Overload 2 of 4, '(propertyPath: string | number | symbol, defaultValue: string): string', gave the following error.
api:dev:     Argument of type '{ infer: boolean; }' is not assignable to parameter of type 'string'.
api:dev:     37 |         this.saltRounds = saltFromEnv;
api:dev:     38 |     }
api:dev:   > 39 |     this.jwtSecret = this.configService.get('JWT_SECRET', { infer: true });
api:dev:        |                                         ^^^
api:dev:     40 |     this.jwtExpiresIn = this.configService.get('JWT_EXPIRES_IN', { infer: true });
api:dev:     41 |   }
api:dev:     42 |
api:dev: 
api:dev: ERROR in ./src/auth/auth.service.ts:40:44
api:dev: TS2769: No overload matches this call.
api:dev:   Overload 1 of 4, '(propertyPath: never, options: ConfigGetOptions): string', gave the following error.
api:dev:     Argument of type '"JWT_EXPIRES_IN"' is not assignable to parameter of type 'never'.
api:dev:   Overload 2 of 4, '(propertyPath: string | number | symbol, defaultValue: string): string', gave the following error.
api:dev:     Argument of type '{ infer: boolean; }' is not assignable to parameter of type 'string'.
api:dev:     38 |     }
api:dev:     39 |     this.jwtSecret = this.configService.get('JWT_SECRET', { infer: true });
api:dev:   > 40 |     this.jwtExpiresIn = this.configService.get('JWT_EXPIRES_IN', { infer: true });
api:dev:        |                                            ^^^
api:dev:     41 |   }
api:dev:     42 |
api:dev:     43 |   private mapToCoreUserFromPrisma(user: PrismaGeneratedUserType): Omit<CoreUser, 'passwordHash'> {
api:dev: 
api:dev: ERROR in ./src/config/environment-variables.ts:1:22
api:dev: TS2307: Cannot find module 'joi' or its corresponding type declarations.
api:dev:   > 1 | import * as Joi from 'joi';
api:dev:       |                      ^^^^^
api:dev:     2 |
api:dev:     3 | export interface EnvironmentVariables {
api:dev:     4 |   DATABASE_URL: string;
api:dev: 
api:dev: webpack 5.97.1 compiled with 3 errors in 2442 ms
api:dev: [Nest] 54514  - 05/20/2025, 7:30:48 PM     LOG [NestFactory] Starting Nest application...
api:dev: [Nest] 54514  - 05/20/2025, 7:30:49 PM     LOG [InstanceLoader] PersistenceModule dependencies initialized +373ms
api:dev: [Nest] 54514  - 05/20/2025, 7:30:49 PM     LOG [InstanceLoader] PassportModule dependencies initialized +0ms
api:dev: [Nest] 54514  - 05/20/2025, 7:30:49 PM     LOG [InstanceLoader] ConfigHostModule dependencies initialized +3ms
api:dev: [Nest] 54514  - 05/20/2025, 7:30:49 PM     LOG [InstanceLoader] JwtModule dependencies initialized +0ms
api:dev: [Nest] 54514  - 05/20/2025, 7:30:49 PM     LOG [InstanceLoader] ConfigModule dependencies initialized +0ms
api:dev: [Nest] 54514  - 05/20/2025, 7:30:49 PM     LOG [InstanceLoader] ConfigModule dependencies initialized +0ms
api:dev: [Nest] 54514  - 05/20/2025, 7:30:49 PM     LOG [InstanceLoader] AppModule dependencies initialized +0ms
api:dev: [Nest] 54514  - 05/20/2025, 7:30:49 PM   ERROR [ExceptionHandler] JwtStrategy requires a secret or key
api:dev: TypeError: JwtStrategy requires a secret or key
api:dev:     at new JwtStrategy (/Users/Yousef_1/Dokumenter/Kodefiler/Ejaztemplate/LearningLab/LearningLab/node_modules/passport-jwt/lib/strategy.js:45:15)
api:dev:     at new StrategyWithMixin (/Users/Yousef_1/Dokumenter/Kodefiler/Ejaztemplate/LearningLab/LearningLab/apps/api/dist/main.js:12396:13)
api:dev:     at new JwtStrategy (/Users/Yousef_1/Dokumenter/Kodefiler/Ejaztemplate/LearningLab/LearningLab/apps/api/dist/main.js:12633:9)
api:dev:     at Injector.instantiateClass (/Users/Yousef_1/Dokumenter/Kodefiler/Ejaztemplate/LearningLab/LearningLab/apps/api/dist/main.js:3555:19)
api:dev:     at callback (/Users/Yousef_1/Dokumenter/Kodefiler/Ejaztemplate/LearningLab/LearningLab/apps/api/dist/main.js:3247:45)
api:dev:     at process.processTicksAndRejections (node:internal/process/task_queues:105:5)
api:dev:     at async Injector.resolveConstructorParams (/Users/Yousef_1/Dokumenter/Kodefiler/Ejaztemplate/LearningLab/LearningLab/apps/api/dist/main.js:3327:24)
api:dev:     at async Injector.loadInstance (/Users/Yousef_1/Dokumenter/Kodefiler/Ejaztemplate/LearningLab/LearningLab/apps/api/dist/main.js:3252:13)
api:dev:     at async Injector.loadProvider (/Users/Yousef_1/Dokumenter/Kodefiler/Ejaztemplate/LearningLab/LearningLab/apps/api/dist/main.js:3280:9)
api:dev:     at async /Users/Yousef_1/Dokumenter/Kodefiler/Ejaztemplate/LearningLab/LearningLab/apps/api/dist/main.js:8771:13

3. direnv: loading ~/Dokumenter/Kodefiler/Ejaztemplate/LearningLab/LearningLab/.envrc            
direnv: export +DATABASE_URL +JWT_EXPIRES_IN +JWT_SECRET +NEXT_PUBLIC_API_URL ~PATH
Yousef@MacBook-Pro-tilhrende-Yousef LearningLab % cd apps/api
yarn build

src/auth/auth.service.ts:39:41 - error TS2769: No overload matches this call.
  Overload 1 of 4, '(propertyPath: never, options: ConfigGetOptions): string', gave the following error.
    Argument of type '"JWT_SECRET"' is not assignable to parameter of type 'never'.
  Overload 2 of 4, '(propertyPath: string | number | symbol, defaultValue: string): string', gave the following error.
    Argument of type '{ infer: boolean; }' is not assignable to parameter of type 'string'.

39     this.jwtSecret = this.configService.get('JWT_SECRET', { infer: true });
                                           ~~~

src/auth/auth.service.ts:40:44 - error TS2769: No overload matches this call.
  Overload 1 of 4, '(propertyPath: never, options: ConfigGetOptions): string', gave the following error.
    Argument of type '"JWT_EXPIRES_IN"' is not assignable to parameter of type 'never'.
  Overload 2 of 4, '(propertyPath: string | number | symbol, defaultValue: string): string', gave the following error.
    Argument of type '{ infer: boolean; }' is not assignable to parameter of type 'string'.

40     this.jwtExpiresIn = this.configService.get('JWT_EXPIRES_IN', { infer: true });
                                              ~~~

src/config/environment-variables.ts:1:22 - error TS2307: Cannot find module 'joi' or its corresponding type declarations.

1 import * as Joi from 'joi';
                       ~~~~~

Found 3 error(s).

Yousef@MacBook-Pro-tilhrende-Yousef api % 

4. direnv: loading ~/Dokumenter/Kodefiler/Ejaztemplate/LearningLab/LearningLab/.envrc            
direnv: export +DATABASE_URL +JWT_EXPIRES_IN +JWT_SECRET +NEXT_PUBLIC_API_URL ~PATH
Yousef@MacBook-Pro-tilhrende-Yousef LearningLab % cd apps/api
yarn dev

Environment variables loaded from .env
Prisma schema loaded from prisma/schema.prisma

✔ Generated Prisma Client (v5.22.0) to ./../../node_modules/@prisma/client in 48ms

Start by importing your Prisma Client (See: https://pris.ly/d/importing-client)

Tip: Need your database queries to be 1000x faster? Accelerate offers you that and more: https://pris.ly/tip-2-accelerate


 Info  Webpack is building your sources...

ERROR in ./src/auth/auth.service.ts:39:41
TS2769: No overload matches this call.
  Overload 1 of 4, '(propertyPath: never, options: ConfigGetOptions): string', gave the following error.
    Argument of type '"JWT_SECRET"' is not assignable to parameter of type 'never'.
  Overload 2 of 4, '(propertyPath: string | number | symbol, defaultValue: string): string', gave the following error.
    Argument of type '{ infer: boolean; }' is not assignable to parameter of type 'string'.
    37 |         this.saltRounds = saltFromEnv;
    38 |     }
  > 39 |     this.jwtSecret = this.configService.get('JWT_SECRET', { infer: true });
       |                                         ^^^
    40 |     this.jwtExpiresIn = this.configService.get('JWT_EXPIRES_IN', { infer: true });
    41 |   }
    42 |

ERROR in ./src/auth/auth.service.ts:40:44
TS2769: No overload matches this call.
  Overload 1 of 4, '(propertyPath: never, options: ConfigGetOptions): string', gave the following error.
    Argument of type '"JWT_EXPIRES_IN"' is not assignable to parameter of type 'never'.
  Overload 2 of 4, '(propertyPath: string | number | symbol, defaultValue: string): string', gave the following error.
    Argument of type '{ infer: boolean; }' is not assignable to parameter of type 'string'.
    38 |     }
    39 |     this.jwtSecret = this.configService.get('JWT_SECRET', { infer: true });
  > 40 |     this.jwtExpiresIn = this.configService.get('JWT_EXPIRES_IN', { infer: true });
       |                                            ^^^
    41 |   }
    42 |
    43 |   private mapToCoreUserFromPrisma(user: PrismaGeneratedUserType): Omit<CoreUser, 'passwordHash'> {

ERROR in ./src/config/environment-variables.ts:1:22
TS2307: Cannot find module 'joi' or its corresponding type declarations.
  > 1 | import * as Joi from 'joi';
      |                      ^^^^^
    2 |
    3 | export interface EnvironmentVariables {
    4 |   DATABASE_URL: string;

webpack 5.97.1 compiled with 3 errors in 2771 ms
[Nest] 56701  - 05/20/2025, 7:31:25 PM     LOG [NestFactory] Starting Nest application...
[Nest] 56701  - 05/20/2025, 7:31:25 PM     LOG [InstanceLoader] PersistenceModule dependencies initialized +380ms
[Nest] 56701  - 05/20/2025, 7:31:25 PM     LOG [InstanceLoader] PassportModule dependencies initialized +0ms
[Nest] 56701  - 05/20/2025, 7:31:25 PM     LOG [InstanceLoader] ConfigHostModule dependencies initialized +5ms
[Nest] 56701  - 05/20/2025, 7:31:25 PM     LOG [InstanceLoader] JwtModule dependencies initialized +0ms
[Nest] 56701  - 05/20/2025, 7:31:25 PM     LOG [InstanceLoader] ConfigModule dependencies initialized +1ms
[Nest] 56701  - 05/20/2025, 7:31:25 PM     LOG [InstanceLoader] ConfigModule dependencies initialized +0ms
[Nest] 56701  - 05/20/2025, 7:31:25 PM     LOG [InstanceLoader] AppModule dependencies initialized +1ms
[Nest] 56701  - 05/20/2025, 7:31:25 PM   ERROR [ExceptionHandler] JwtStrategy requires a secret or key
TypeError: JwtStrategy requires a secret or key
    at new JwtStrategy (/Users/Yousef_1/Dokumenter/Kodefiler/Ejaztemplate/LearningLab/LearningLab/node_modules/passport-jwt/lib/strategy.js:45:15)
    at new StrategyWithMixin (/Users/Yousef_1/Dokumenter/Kodefiler/Ejaztemplate/LearningLab/LearningLab/apps/api/dist/main.js:12396:13)
    at new JwtStrategy (/Users/Yousef_1/Dokumenter/Kodefiler/Ejaztemplate/LearningLab/LearningLab/apps/api/dist/main.js:12633:9)
    at Injector.instantiateClass (/Users/Yousef_1/Dokumenter/Kodefiler/Ejaztemplate/LearningLab/LearningLab/apps/api/dist/main.js:3555:19)
    at callback (/Users/Yousef_1/Dokumenter/Kodefiler/Ejaztemplate/LearningLab/LearningLab/apps/api/dist/main.js:3247:45)
    at process.processTicksAndRejections (node:internal/process/task_queues:105:5)
    at async Injector.resolveConstructorParams (/Users/Yousef_1/Dokumenter/Kodefiler/Ejaztemplate/LearningLab/LearningLab/apps/api/dist/main.js:3327:24)
    at async Injector.loadInstance (/Users/Yousef_1/Dokumenter/Kodefiler/Ejaztemplate/LearningLab/LearningLab/apps/api/dist/main.js:3252:13)
    at async Injector.loadProvider (/Users/Yousef_1/Dokumenter/Kodefiler/Ejaztemplate/LearningLab/LearningLab/apps/api/dist/main.js:3280:9)
    at async /Users/Yousef_1/Dokumenter/Kodefiler/Ejaztemplate/LearningLab/LearningLab/apps/api/dist/main.js:8771:13

5. direnv: loading ~/Dokumenter/Kodefiler/Ejaztemplate/LearningLab/LearningLab/.envrc            
direnv: export +DATABASE_URL +JWT_EXPIRES_IN +JWT_SECRET +NEXT_PUBLIC_API_URL ~PATH
Yousef@MacBook-Pro-tilhrende-Yousef LearningLab % cd apps/api
yarn dev

Environment variables loaded from .env
Prisma schema loaded from prisma/schema.prisma

✔ Generated Prisma Client (v5.22.0) to ./../../node_modules/@prisma/client in 46ms

Start by importing your Prisma Client (See: https://pris.ly/d/importing-client)

Tip: Want real-time updates to your database without manual polling? Discover how with Pulse: https://pris.ly/tip-0-pulse


 Info  Webpack is building your sources...

ERROR in ./src/auth/auth.service.ts:39:41
TS2769: No overload matches this call.
  Overload 1 of 4, '(propertyPath: never, options: ConfigGetOptions): string', gave the following error.
    Argument of type '"JWT_SECRET"' is not assignable to parameter of type 'never'.
  Overload 2 of 4, '(propertyPath: string | number | symbol, defaultValue: string): string', gave the following error.
    Argument of type '{ infer: boolean; }' is not assignable to parameter of type 'string'.
    37 |         this.saltRounds = saltFromEnv;
    38 |     }
  > 39 |     this.jwtSecret = this.configService.get('JWT_SECRET', { infer: true });
       |                                         ^^^
    40 |     this.jwtExpiresIn = this.configService.get('JWT_EXPIRES_IN', { infer: true });
    41 |   }
    42 |

ERROR in ./src/auth/auth.service.ts:40:44
TS2769: No overload matches this call.
  Overload 1 of 4, '(propertyPath: never, options: ConfigGetOptions): string', gave the following error.
    Argument of type '"JWT_EXPIRES_IN"' is not assignable to parameter of type 'never'.
  Overload 2 of 4, '(propertyPath: string | number | symbol, defaultValue: string): string', gave the following error.
    Argument of type '{ infer: boolean; }' is not assignable to parameter of type 'string'.
    38 |     }
    39 |     this.jwtSecret = this.configService.get('JWT_SECRET', { infer: true });
  > 40 |     this.jwtExpiresIn = this.configService.get('JWT_EXPIRES_IN', { infer: true });
       |                                            ^^^
    41 |   }
    42 |
    43 |   private mapToCoreUserFromPrisma(user: PrismaGeneratedUserType): Omit<CoreUser, 'passwordHash'> {

ERROR in ./src/config/environment-variables.ts:1:22
TS2307: Cannot find module 'joi' or its corresponding type declarations.
  > 1 | import * as Joi from 'joi';
      |                      ^^^^^
    2 |
    3 | export interface EnvironmentVariables {
    4 |   DATABASE_URL: string;

webpack 5.97.1 compiled with 3 errors in 2731 ms
[Nest] 57413  - 05/20/2025, 7:31:42 PM     LOG [NestFactory] Starting Nest application...
[Nest] 57413  - 05/20/2025, 7:31:42 PM     LOG [InstanceLoader] PersistenceModule dependencies initialized +379ms
[Nest] 57413  - 05/20/2025, 7:31:42 PM     LOG [InstanceLoader] PassportModule dependencies initialized +0ms
[Nest] 57413  - 05/20/2025, 7:31:42 PM     LOG [InstanceLoader] ConfigHostModule dependencies initialized +5ms
[Nest] 57413  - 05/20/2025, 7:31:42 PM     LOG [InstanceLoader] JwtModule dependencies initialized +0ms
[Nest] 57413  - 05/20/2025, 7:31:42 PM     LOG [InstanceLoader] ConfigModule dependencies initialized +1ms
[Nest] 57413  - 05/20/2025, 7:31:42 PM     LOG [InstanceLoader] ConfigModule dependencies initialized +0ms
[Nest] 57413  - 05/20/2025, 7:31:42 PM     LOG [InstanceLoader] AppModule dependencies initialized +0ms
[Nest] 57413  - 05/20/2025, 7:31:42 PM   ERROR [ExceptionHandler] JwtStrategy requires a secret or key
TypeError: JwtStrategy requires a secret or key
    at new JwtStrategy (/Users/Yousef_1/Dokumenter/Kodefiler/Ejaztemplate/LearningLab/LearningLab/node_modules/passport-jwt/lib/strategy.js:45:15)
    at new StrategyWithMixin (/Users/Yousef_1/Dokumenter/Kodefiler/Ejaztemplate/LearningLab/LearningLab/apps/api/dist/main.js:12396:13)
    at new JwtStrategy (/Users/Yousef_1/Dokumenter/Kodefiler/Ejaztemplate/LearningLab/LearningLab/apps/api/dist/main.js:12633:9)
    at Injector.instantiateClass (/Users/Yousef_1/Dokumenter/Kodefiler/Ejaztemplate/LearningLab/LearningLab/apps/api/dist/main.js:3555:19)
    at callback (/Users/Yousef_1/Dokumenter/Kodefiler/Ejaztemplate/LearningLab/LearningLab/apps/api/dist/main.js:3247:45)
    at process.processTicksAndRejections (node:internal/process/task_queues:105:5)
    at async Injector.resolveConstructorParams (/Users/Yousef_1/Dokumenter/Kodefiler/Ejaztemplate/LearningLab/LearningLab/apps/api/dist/main.js:3327:24)
    at async Injector.loadInstance (/Users/Yousef_1/Dokumenter/Kodefiler/Ejaztemplate/LearningLab/LearningLab/apps/api/dist/main.js:3252:13)
    at async Injector.loadProvider (/Users/Yousef_1/Dokumenter/Kodefiler/Ejaztemplate/LearningLab/LearningLab/apps/api/dist/main.js:3280:9)
    at async /Users/Yousef_1/Dokumenter/Kodefiler/Ejaztemplate/LearningLab/LearningLab/apps/api/dist/main.js:8771:13

6. direnv: loading ~/Dokumenter/Kodefiler/Ejaztemplate/LearningLab/LearningLab/.envrc            
direnv: export +DATABASE_URL +JWT_EXPIRES_IN +JWT_SECRET +NEXT_PUBLIC_API_URL ~PATH
Yousef@MacBook-Pro-tilhrende-Yousef LearningLab % cd apps/api
yarn test         # almindelige jest-tests
yarn test:e2e     # e2e-tests (jest –config test/jest-e2e.json)
yarn test:ci      # pre-generate + jest –ci

 FAIL  src/persistence/prisma/prisma.service.spec.ts
  ● PrismaService › should call $connect on module init

    TypeError: service.onModuleInit is not a function

      34 |
      35 |   it('should call $connect on module init', async () => {
    > 36 |     await service.onModuleInit(); // Dette kalder this.$connect() internt
         |                   ^
      37 |     expect(mockPrismaClientInstance.$connect).toHaveBeenCalledTimes(1);
      38 |   });
      39 | });

      at Object.<anonymous> (persistence/prisma/prisma.service.spec.ts:36:19)

 PASS  src/app.controller.spec.ts
 PASS  src/users/users.service.spec.ts
 PASS  src/users/users.controller.spec.ts

Test Suites: 1 failed, 3 passed, 4 total
Tests:       1 failed, 13 passed, 14 total
Snapshots:   0 total
Time:        1.842 s
Ran all test suites.
 FAIL  test/app.e2e-spec.ts
  AppController (e2e)
    ✕ / (GET) (34 ms)

  ● AppController (e2e) › / (GET)

    TypeError: JwtStrategy requires a secret or key

      18 |     private readonly usersService: UsersService,
      19 |   ) {
    > 20 |     super({
         |     ^
      21 |       jwtFromRequest: ExtractJwt.fromAuthHeaderAsBearerToken(),
      22 |       ignoreExpiration: false,
      23 |       secretOrKey: serverEnv.JWT_SECRET,

      at new JwtStrategy (../../../node_modules/passport-jwt/lib/strategy.js:45:15)
      at new StrategyWithMixin (../node_modules/@nestjs/passport/dist/passport/passport.strategy.js:34:13)
      at new JwtStrategy (../src/auth/strategies/jwt/jwt.ts:20:5)
      at TestingInjector.instantiateClass (../node_modules/@nestjs/core/injector/injector.js:373:19)
      at callback (../node_modules/@nestjs/core/injector/injector.js:65:45)
      at TestingInjector.resolveConstructorParams (../node_modules/@nestjs/core/injector/injector.js:145:24)
      at TestingInjector.loadInstance (../node_modules/@nestjs/core/injector/injector.js:70:13)
      at TestingInjector.loadProvider (../node_modules/@nestjs/core/injector/injector.js:98:9)
      at ../node_modules/@nestjs/core/injector/instance-loader.js:56:13
          at async Promise.all (index 5)
      at TestingInstanceLoader.createInstancesOfProviders (../node_modules/@nestjs/core/injector/instance-loader.js:55:9)
      at ../node_modules/@nestjs/core/injector/instance-loader.js:40:13
          at async Promise.all (index 7)
      at TestingInstanceLoader.createInstances (../node_modules/@nestjs/core/injector/instance-loader.js:39:9)
      at TestingInstanceLoader.createInstancesOfDependencies (../node_modules/@nestjs/core/injector/instance-loader.js:22:13)
      at TestingInstanceLoader.createInstancesOfDependencies (../node_modules/@nestjs/testing/testing-instance-loader.js:9:9)
      at TestingModuleBuilder.createInstancesOfDependencies (../node_modules/@nestjs/testing/testing-module.builder.js:118:9)
      at TestingModuleBuilder.compile (../node_modules/@nestjs/testing/testing-module.builder.js:74:9)
      at Object.<anonymous> (app.e2e-spec.ts:10:42)

Test Suites: 1 failed, 1 total
Tests:       1 failed, 1 total
Snapshots:   0 total
Time:        1.135 s
Ran all test suites.
Environment variables loaded from .env
Prisma schema loaded from prisma/schema.prisma

✔ Generated Prisma Client (v5.22.0) to ./../../node_modules/@prisma/client in 54ms

Start by importing your Prisma Client (See: https://pris.ly/d/importing-client)

Tip: Want to turn off tips and other hints? https://pris.ly/tip-4-nohints

 FAIL  src/persistence/prisma/prisma.service.spec.ts
  ● PrismaService › should call $connect on module init

    TypeError: service.onModuleInit is not a function

      34 |
      35 |   it('should call $connect on module init', async () => {
    > 36 |     await service.onModuleInit(); // Dette kalder this.$connect() internt
         |                   ^
      37 |     expect(mockPrismaClientInstance.$connect).toHaveBeenCalledTimes(1);
      38 |   });
      39 | });

      at Object.<anonymous> (persistence/prisma/prisma.service.spec.ts:36:19)

 PASS  src/users/users.controller.spec.ts
 PASS  src/users/users.service.spec.ts
 PASS  src/app.controller.spec.ts

Test Suites: 1 failed, 3 passed, 4 total
Tests:       1 failed, 13 passed, 14 total
Snapshots:   0 total
Time:        0.979 s, estimated 5 s
Ran all test suites.
Yousef@MacBook-Pro-tilhrende-Yousef api % 

7. direnv: loading ~/Dokumenter/Kodefiler/Ejaztemplate/LearningLab/LearningLab/.envrc            
direnv: export +DATABASE_URL +JWT_EXPIRES_IN +JWT_SECRET +NEXT_PUBLIC_API_URL ~PATH
Yousef@MacBook-Pro-tilhrende-Yousef LearningLab % cd apps/web
yarn dev

- warn Port 3000 is in use, trying 3001 instead.
- warn Port 3001 is in use, trying 3002 instead.
- ready started server on 0.0.0.0:3002, url: http://localhost:3002
- info Loaded env from /Users/Yousef_1/Dokumenter/Kodefiler/Ejaztemplate/LearningLab/LearningLab/apps/web/.env.local
- info automatically enabled Fast Refresh for 1 custom loader
- event compiled client and server successfully in 120 ms (18 modules)
- wait compiling...
- event compiled client and server successfully in 101 ms (18 modules)

8.

direnv: loading ~/Dokumenter/Kodefiler/Ejaztemplate/LearningLab/LearningLab/.envrc            
direnv: export +DATABASE_URL +JWT_EXPIRES_IN +JWT_SECRET +NEXT_PUBLIC_API_URL ~PATH
Yousef@MacBook-Pro-tilhrende-Yousef LearningLab % cd apps/web
yarn build
yarn start

- info Loaded env from /Users/Yousef_1/Dokumenter/Kodefiler/Ejaztemplate/LearningLab/LearningLab/apps/web/.env.local
- info Linting and checking validity of types ..- error ESLint: Cannot read config file: /Users/Yousef_1/Dokumenter/Kodefiler/Ejaztemplate/LearningLab/LearningLab/apps/web/.eslintrc.js Error: Cannot find module 'config/eslint-preset' Require stack: - /Users/Yousef_1/Dokumenter/Kodefiler/Ejaztemplate/LearningLab/LearningLab/apps/web/.eslintrc.js - /Users/Yousef_1/Dokumenter/Kodefiler/Ejaztemplate/LearningLab/LearningLab/node_modules/@eslint/eslintrc/dist/eslintrc.cjs - /Users/Yousef_1/Dokumenter/Kodefiler/Ejaztemplate/LearningLab/LearningLab/apps/web/node_modules/eslint/lib/cli-engine/cli-engine.js - /Users/Yousef_1/Dokumenter/Kodefiler/Ejaztemplate/LearningLab/LearningLab/apps/web/node_modules/eslint/lib/eslint/eslint.js - /Users/Yousef_1/Dokumenter/Kodefiler/Ejaztemplate/LearningLab/LearningLab/apps/web/node_modules/eslint/lib/eslint/index.js - /Users/Yousef_1/Dokumenter/Kodefiler/Ejaztemplate/LearningLab/LearningLab/apps/web/node_modules/eslint/lib/api.js - /Users/Yousef_1/Dokumenter/Kodefiler/Ejaztemplate/LearningLab/LearningLab/node_modules/next/dist/lib/eslint/runLintCheck.js - /Users/Yousef_1/Dokumenter/Kodefiler/Ejaztemplate/LearningLab/LearningLab/node_modules/next/dist/compiled/jest-worker/processChild.js
- info Linting and checking validity of types  

warn - Your `content` configuration includes a pattern which looks like it's accidentally matching all of `node_modules` and can cause serious performance issues.
warn - Pattern: `../../packages/ui/**/*.ts`
warn - See our documentation for recommendations:
warn - https://tailwindcss.com/docs/content-configuration#pattern-recommendations
- info Creating an optimized production build  
- info Compiled successfully
- info Collecting page data  
- info Generating static pages (8/8)
- info Finalizing page optimization  

Route (pages)                              Size     First Load JS
┌ ○ /                                      360 B           103 kB
├   /_app                                  0 B             103 kB
├ ○ /404                                   180 B           103 kB
├ ○ /forgot-password                       1.63 kB         104 kB
├ ○ /login                                 1.48 kB         104 kB
├ ○ /profile                               1.29 kB         104 kB
├ ○ /reset-password                        1.87 kB         105 kB
└ ○ /signup                                1.81 kB         105 kB
+ First Load JS shared by all              105 kB
  ├ chunks/framework-900934921c83a903.js   45.2 kB
  ├ chunks/main-8bfef811589a75fb.js        28.5 kB
  ├ chunks/pages/_app-dceabc9a930ebf35.js  28.2 kB
  ├ chunks/webpack-ee7e63bc15b31913.js     818 B
  └ css/93e4590fbbd1bab8.css               2.69 kB

○  (Static)  automatically rendered as static HTML (uses no initial props)

- error Failed to start server
Error: listen EADDRINUSE: address already in use :::3000
    at Server.setupListenHandle [as _listen2] (node:net:1939:16)
    at listenInCluster (node:net:1996:12)
    at Server.listen (node:net:2101:7)
    at /Users/Yousef_1/Dokumenter/Kodefiler/Ejaztemplate/LearningLab/LearningLab/node_modules/next/dist/server/lib/start-server.js:153:16
    at new Promise (<anonymous>)
    at startServer (/Users/Yousef_1/Dokumenter/Kodefiler/Ejaztemplate/LearningLab/LearningLab/node_modules/next/dist/server/lib/start-server.js:134:11)
    at nextStart (/Users/Yousef_1/Dokumenter/Kodefiler/Ejaztemplate/LearningLab/LearningLab/node_modules/next/dist/cli/next-start.js:77:40) {
  code: 'EADDRINUSE',
  errno: -48,
  syscall: 'listen',
  address: '::',
  port: 3000
}
Yousef@MacBook-Pro-tilhrende-Yousef web % 


9.   console.error
    Error: Uncaught [Error: NextRouter was not mounted. https://nextjs.org/docs/messages/next-router-not-mounted]
        at reportException (/Users/Yousef_1/Dokumenter/Kodefiler/Ejaztemplate/LearningLab/LearningLab/node_modules/jsdom/lib/jsdom/living/helpers/runtime-script-errors.js:66:24)
        at innerInvokeEventListeners (/Users/Yousef_1/Dokumenter/Kodefiler/Ejaztemplate/LearningLab/LearningLab/node_modules/jsdom/lib/jsdom/living/events/EventTarget-impl.js:353:9)
        at invokeEventListeners (/Users/Yousef_1/Dokumenter/Kodefiler/Ejaztemplate/LearningLab/LearningLab/node_modules/jsdom/lib/jsdom/living/events/EventTarget-impl.js:286:3)
        at HTMLUnknownElementImpl._dispatch (/Users/Yousef_1/Dokumenter/Kodefiler/Ejaztemplate/LearningLab/LearningLab/node_modules/jsdom/lib/jsdom/living/events/EventTarget-impl.js:233:9)
        at HTMLUnknownElementImpl.dispatchEvent (/Users/Yousef_1/Dokumenter/Kodefiler/Ejaztemplate/LearningLab/LearningLab/node_modules/jsdom/lib/jsdom/living/events/EventTarget-impl.js:104:17)
        at HTMLUnknownElement.dispatchEvent (/Users/Yousef_1/Dokumenter/Kodefiler/Ejaztemplate/LearningLab/LearningLab/node_modules/jsdom/lib/jsdom/living/generated/EventTarget.js:241:34)
        at Object.invokeGuardedCallbackDev (/Users/Yousef_1/Dokumenter/Kodefiler/Ejaztemplate/LearningLab/LearningLab/node_modules/react-dom/cjs/react-dom.development.js:4213:16)
        at invokeGuardedCallback (/Users/Yousef_1/Dokumenter/Kodefiler/Ejaztemplate/LearningLab/LearningLab/node_modules/react-dom/cjs/react-dom.development.js:4277:31)
        at beginWork$1 (/Users/Yousef_1/Dokumenter/Kodefiler/Ejaztemplate/LearningLab/LearningLab/node_modules/react-dom/cjs/react-dom.development.js:27451:7)
        at performUnitOfWork (/Users/Yousef_1/Dokumenter/Kodefiler/Ejaztemplate/LearningLab/LearningLab/node_modules/react-dom/cjs/react-dom.development.js:26560:12)
        at workLoopSync (/Users/Yousef_1/Dokumenter/Kodefiler/Ejaztemplate/LearningLab/LearningLab/node_modules/react-dom/cjs/react-dom.development.js:26466:5)
        at renderRootSync (/Users/Yousef_1/Dokumenter/Kodefiler/Ejaztemplate/LearningLab/LearningLab/node_modules/react-dom/cjs/react-dom.development.js:26434:7)
        at performConcurrentWorkOnRoot (/Users/Yousef_1/Dokumenter/Kodefiler/Ejaztemplate/LearningLab/LearningLab/node_modules/react-dom/cjs/react-dom.development.js:25738:74)
        at flushActQueue (/Users/Yousef_1/Dokumenter/Kodefiler/Ejaztemplate/LearningLab/LearningLab/node_modules/react/cjs/react.development.js:2667:24)
        at act (/Users/Yousef_1/Dokumenter/Kodefiler/Ejaztemplate/LearningLab/LearningLab/node_modules/react/cjs/react.development.js:2582:11)
        at /Users/Yousef_1/Dokumenter/Kodefiler/Ejaztemplate/LearningLab/LearningLab/node_modules/@testing-library/react/dist/act-compat.js:47:25
        at renderRoot (/Users/Yousef_1/Dokumenter/Kodefiler/Ejaztemplate/LearningLab/LearningLab/node_modules/@testing-library/react/dist/pure.js:180:26)
        at render (/Users/Yousef_1/Dokumenter/Kodefiler/Ejaztemplate/LearningLab/LearningLab/node_modules/@testing-library/react/dist/pure.js:271:10)
        at Object.<anonymous> (/Users/Yousef_1/Dokumenter/Kodefiler/Ejaztemplate/LearningLab/LearningLab/apps/web/src/screens/auth/login/login.test.tsx:12:9)
        at Promise.then.completed (/Users/Yousef_1/Dokumenter/Kodefiler/Ejaztemplate/LearningLab/LearningLab/node_modules/jest-circus/build/utils.js:298:28)
        at new Promise (<anonymous>)
        at callAsyncCircusFn (/Users/Yousef_1/Dokumenter/Kodefiler/Ejaztemplate/LearningLab/LearningLab/node_modules/jest-circus/build/utils.js:231:10)
        at _callCircusTest (/Users/Yousef_1/Dokumenter/Kodefiler/Ejaztemplate/LearningLab/LearningLab/node_modules/jest-circus/build/run.js:316:40)
        at processTicksAndRejections (node:internal/process/task_queues:105:5)
        at _runTest (/Users/Yousef_1/Dokumenter/Kodefiler/Ejaztemplate/LearningLab/LearningLab/node_modules/jest-circus/build/run.js:252:3)
        at _runTestsForDescribeBlock (/Users/Yousef_1/Dokumenter/Kodefiler/Ejaztemplate/LearningLab/LearningLab/node_modules/jest-circus/build/run.js:126:9)
        at run (/Users/Yousef_1/Dokumenter/Kodefiler/Ejaztemplate/LearningLab/LearningLab/node_modules/jest-circus/build/run.js:71:3)
        at runAndTransformResultsToJestFormat (/Users/Yousef_1/Dokumenter/Kodefiler/Ejaztemplate/LearningLab/LearningLab/node_modules/jest-circus/build/legacy-code-todo-rewrite/jestAdapterInit.js:122:21)
        at jestAdapter (/Users/Yousef_1/Dokumenter/Kodefiler/Ejaztemplate/LearningLab/LearningLab/node_modules/jest-circus/build/legacy-code-todo-rewrite/jestAdapter.js:79:19)
        at runTestInternal (/Users/Yousef_1/Dokumenter/Kodefiler/Ejaztemplate/LearningLab/LearningLab/node_modules/jest-runner/build/runTest.js:367:16)
        at runTest (/Users/Yousef_1/Dokumenter/Kodefiler/Ejaztemplate/LearningLab/LearningLab/node_modules/jest-runner/build/runTest.js:444:34)
        at Object.worker (/Users/Yousef_1/Dokumenter/Kodefiler/Ejaztemplate/LearningLab/LearningLab/node_modules/jest-runner/build/testWorker.js:106:12) {
      detail: Error: NextRouter was not mounted. https://nextjs.org/docs/messages/next-router-not-mounted
          at useRouter (/Users/Yousef_1/Dokumenter/Kodefiler/Ejaztemplate/LearningLab/LearningLab/node_modules/next/src/client/router.ts:135:11)
          at AuthProvider (/Users/Yousef_1/Dokumenter/Kodefiler/Ejaztemplate/LearningLab/LearningLab/apps/web/src/context/AuthContext.tsx:38:27)
          at renderWithHooks (/Users/Yousef_1/Dokumenter/Kodefiler/Ejaztemplate/LearningLab/LearningLab/node_modules/react-dom/cjs/react-dom.development.js:16305:18)
          at mountIndeterminateComponent (/Users/Yousef_1/Dokumenter/Kodefiler/Ejaztemplate/LearningLab/LearningLab/node_modules/react-dom/cjs/react-dom.development.js:20074:13)
          at beginWork (/Users/Yousef_1/Dokumenter/Kodefiler/Ejaztemplate/LearningLab/LearningLab/node_modules/react-dom/cjs/react-dom.development.js:21587:16)
          at HTMLUnknownElement.callCallback (/Users/Yousef_1/Dokumenter/Kodefiler/Ejaztemplate/LearningLab/LearningLab/node_modules/react-dom/cjs/react-dom.development.js:4164:14)
          at HTMLUnknownElement.callTheUserObjectsOperation (/Users/Yousef_1/Dokumenter/Kodefiler/Ejaztemplate/LearningLab/LearningLab/node_modules/jsdom/lib/jsdom/living/generated/EventListener.js:26:30)
          at innerInvokeEventListeners (/Users/Yousef_1/Dokumenter/Kodefiler/Ejaztemplate/LearningLab/LearningLab/node_modules/jsdom/lib/jsdom/living/events/EventTarget-impl.js:350:25)
          at invokeEventListeners (/Users/Yousef_1/Dokumenter/Kodefiler/Ejaztemplate/LearningLab/LearningLab/node_modules/jsdom/lib/jsdom/living/events/EventTarget-impl.js:286:3)
          at HTMLUnknownElementImpl._dispatch (/Users/Yousef_1/Dokumenter/Kodefiler/Ejaztemplate/LearningLab/LearningLab/node_modules/jsdom/lib/jsdom/living/events/EventTarget-impl.js:233:9)
          at HTMLUnknownElementImpl.dispatchEvent (/Users/Yousef_1/Dokumenter/Kodefiler/Ejaztemplate/LearningLab/LearningLab/node_modules/jsdom/lib/jsdom/living/events/EventTarget-impl.js:104:17)
          at HTMLUnknownElement.dispatchEvent (/Users/Yousef_1/Dokumenter/Kodefiler/Ejaztemplate/LearningLab/LearningLab/node_modules/jsdom/lib/jsdom/living/generated/EventTarget.js:241:34)
          at Object.invokeGuardedCallbackDev (/Users/Yousef_1/Dokumenter/Kodefiler/Ejaztemplate/LearningLab/LearningLab/node_modules/react-dom/cjs/react-dom.development.js:4213:16)
          at invokeGuardedCallback (/Users/Yousef_1/Dokumenter/Kodefiler/Ejaztemplate/Learning-dom.development.js:4277:31)/react-dom/cjs/react
          at beginWork$1 (/Users/Yousef_1/Dokumenter/Kodefiler/Ejaztemplate/LearningLab/LearningLab/node_modules/react-dom/cjs/react-dom.development.js:27451:7)
          at performUnitOfWork (/Users/Yousef_1/Dokumenter/Kodefiler/Ejaztemplate/LearningLab/LearningLab/node_modules/react-dom/cjs/react-dom.development.js:26560:12)
          at workLoopSync (/Users/Yousef_1/Dokumenter/Kodefiler/Ejaztemplate/LearningLab/LearningLab/node_modules/react-dom/cjs/react-dom.development.js:26466:5)
          at renderRootSync (/Users/Yousef_1/Dokumenter/Kodefiler/Ejaztemplate/LearningLab/LearningLab/node_modules/react-dom/cjs/react-dom.development.js:26434:7)
          at performConcurrentWorkOnRoot (/Users/Yousef_1/Dokumenter/Kodefiler/Ejaztemplate/LearningLab/LearningLab/node_modules/react-dom/cjs/react-dom.development.js:25738:74)
          at flushActQueue (/Users/Yousef_1/Dokumenter/Kodefiler/Ejaztemplate/LearningLab/LearningLab/node_modules/react/cjs/react.development.js:2667:24)
          at act (/Users/Yousef_1/Dokumenter/Kodefiler/Ejaztemplate/LearningLab/LearningLab/node_modules/react/cjs/react.development.js:2582:11)
          at /Users/Yousef_1/Dokumenter/Kodefiler/Ejaztemplate/LearningLab/LearningLab/node_modules/@testing-library/react/dist/act-compat.js:47:25
          at renderRoot (/Users/Yousef_1/Dokumenter/Kodefiler/Ejaztemplate/LearningLab/LearningLab/node_modules/@testing-library/react/dist/pure.js:180:26)
          at render (/Users/Yousef_1/Dokumenter/Kodefiler/Ejaztemplate/LearningLab/LearningLab/node_modules/@testing-library/react/dist/pure.js:271:10)
          at Object.<anonymous> (/Users/Yousef_1/Dokumenter/Kodefiler/Ejaztemplate/LearningLab/LearningLab/apps/web/src/screens/auth/login/login.test.tsx:12:9)
          at Promise.then.completed (/Users/Yousef_1/Dokumenter/Kodefiler/Ejaztemplate/LearningLab/LearningLab/node_modules/jest-circus/build/utils.js:298:28)
          at new Promise (<anonymous>)
          at callAsyncCircusFn (/Users/Yousef_1/Dokumenter/Kodefiler/Ejaztemplate/LearningLab/LearningLab/node_modules/jest-circus/build/utils.js:231:10)
          at _callCircusTest (/Users/Yousef_1/Dokumenter/Kodefiler/Ejaztemplate/LearningLab/LearningLab/node_modules/jest-circus/build/run.js:316:40)
          at processTicksAndRejections (node:internal/process/task_queues:105:5)
          at _runTest (/Users/Yousef_1/Dokumenter/Kodefiler/Ejaztemplate/LearningLab/LearningLab/node_modules/jest-circus/build/run.js:252:3)
          at _runTestsForDescribeBlock (/Users/Yousef_1/Dokumenter/Kodefiler/Ejaztemplate/LearningLab/LearningLab/node_modules/jest-circus/build/run.js:126:9)
          at run (/Users/Yousef_1/Dokumenter/Kodefiler/Ejaztemplate/LearningLab/LearningLab/node_modules/jest-circus/build/run.js:71:3)
          at runAndTransformResultsToJestFormat (/Users/Yousef_1/Dokumenter/Kodefiler/Ejaztemplate/LearningLab/LearningLab/node_modules/jest-circus/build/legacy-code-todo-rewrite/jestAdapterInit.js:122:21)
          at jestAdapter (/Users/Yousef_1/Dokumenter/Kodefiler/Ejaztemplate/LearningLab/LearningLab/node_modules/jest-circus/build/legacy-code-todo-rewrite/jestAdapter.js:79:19)
          at runTestInternal (/Users/Yousef_1/Dokumenter/Kodefiler/Ejaztemplate/LearningLab/LearningLab/node_modules/jest-runner/build/runTest.js:367:16)
          at runTest (/Users/Yousef_1/Dokumenter/Kodefiler/Ejaztemplate/LearningLab/LearningLab/node_modules/jest-runner/build/runTest.js:444:34)
          at Object.worker (/Users/Yousef_1/Dokumenter/Kodefiler/Ejaztemplate/LearningLab/LearningLab/node_modules/jest-runner/build/testWorker.js:106:12),
      type: 'unhandled exception'
    }

      10 |
      11 | test("render login component", () => {
    > 12 |   render(
         |         ^
      13 |     <AuthProvider>
      14 |       <LoginScreen />
      15 |     </AuthProvider>

      at VirtualConsole.<anonymous> (../../node_modules/jest-environment-jsdom/build/index.js:63:23)
      at reportException (../../node_modules/jsdom/lib/jsdom/living/helpers/runtime-script-errors.js:70:28)
      at innerInvokeEventListeners (../../node_modules/jsdom/lib/jsdom/living/events/EventTarget-impl.js:353:9)
      at invokeEventListeners (../../node_modules/jsdom/lib/jsdom/living/events/EventTarget-impl.js:286:3)
      at HTMLUnknownElementImpl._dispatch (../../node_modules/jsdom/lib/jsdom/living/events/EventTarget-impl.js:233:9)
      at HTMLUnknownElementImpl.dispatchEvent (../../node_modules/jsdom/lib/jsdom/living/events/EventTarget-impl.js:104:17)
      at HTMLUnknownElement.dispatchEvent (../../node_modules/jsdom/lib/jsdom/living/generated/EventTarget.js:241:34)
      at Object.invokeGuardedCallbackDev (../../node_modules/react-dom/cjs/react-dom.development.js:4213:16)
      at invokeGuardedCallback (../../node_modules/react-dom/cjs/react-dom.development.js:4277:31)
      at beginWork$1 (../../node_modules/react-dom/cjs/react-dom.development.js:27451:7)
      at performUnitOfWork (../../node_modules/react-dom/cjs/react-dom.development.js:26560:12)
      at workLoopSync (../../node_modules/react-dom/cjs/react-dom.development.js:26466:5)
      at renderRootSync (../../node_modules/react-dom/cjs/react-dom.development.js:26434:7)
      at performConcurrentWorkOnRoot (../../node_modules/react-dom/cjs/react-dom.development.js:25738:74)
      at flushActQueue (../../node_modules/react/cjs/react.development.js:2667:24)
      at act (../../node_modules/react/cjs/react.development.js:2582:11)
      at ../../node_modules/@testing-library/react/dist/act-compat.js:47:25
      at renderRoot (../../node_modules/@testing-library/react/dist/pure.js:180:26)
      at render (../../node_modules/@testing-library/react/dist/pure.js:271:10)
      at Object.<anonymous> (src/screens/auth/login/login.test.tsx:12:9)

  console.error
    Error: Uncaught [Error: NextRouter was not mounted. https://nextjs.org/docs/messages/next-router-not-mounted]
        at reportException (/Users/Yousef_1/Dokumenter/Kodefiler/Ejaztemplate/LearningLab/LearningLab/node_modules/jsdom/lib/jsdom/living/helpers/runtime-script-errors.js:66:24)
        at innerInvokeEventListeners (/Users/Yousef_1/Dokumenter/Kodefiler/Ejaztemplate/LearningLab/LearningLab/node_modules/jsdom/lib/jsdom/living/events/EventTarget-impl.js:353:9)
        at invokeEventListeners (/Users/Yousef_1/Dokumenter/Kodefiler/Ejaztemplate/LearningLab/LearningLab/node_modules/jsdom/lib/jsdom/living/events/EventTarget-impl.js:286:3)
        at HTMLUnknownElementImpl._dispatch (/Users/Yousef_1/Dokumenter/Kodefiler/Ejaztemplate/LearningLab/LearningLab/node_modules/jsdom/lib/jsdom/living/events/EventTarget-impl.js:233:9)
        at HTMLUnknownElementImpl.dispatchEvent (/Users/Yousef_1/Dokumenter/Kodefiler/Ejaztemplate/LearningLab/LearningLab/node_modules/jsdom/lib/jsdom/living/events/EventTarget-impl.js:104:17)
        at HTMLUnknownElement.dispatchEvent (/Users/Yousef_1/Dokumenter/Kodefiler/Ejaztemplate/LearningLab/LearningLab/node_modules/jsdom/lib/jsdom/living/generated/EventTarget.js:241:34)
        at Object.invokeGuardedCallbackDev (/Users/Yousef_1/Dokumenter/Kodefiler/Ejaztemplate/LearningLab/LearningLab/node_modules/react-dom/cjs/react-dom.development.js:4213:16)
        at invokeGuardedCallback (/Users/Yousef_1/Dokumenter/Kodefiler/Ejaztemplate/LearningLab/LearningLab/node_modules/react-dom/cjs/react-dom.development.js:4277:31)
        at beginWork$1 (/Users/Yousef_1/Dokumenter/Kodefiler/Ejaztemplate/LearningLab/LearningLab/node_modules/react-dom/cjs/react-dom.development.js:27451:7)
        at performUnitOfWork (/Users/Yousef_1/Dokumenter/Kodefiler/Ejaztemplate/LearningLab/LearningLab/node_modules/react-dom/cjs/react-dom.development.js:26560:12)
        at workLoopSync (/Users/Yousef_1/Dokumenter/Kodefiler/Ejaztemplate/LearningLab/LearningLab/node_modules/react-dom/cjs/react-dom.development.js:26466:5)
        at renderRootSync (/Users/Yousef_1/Dokumenter/Kodefiler/Ejaztemplate/LearningLab/LearningLab/node_modules/react-dom/cjs/react-dom.development.js:26434:7)
        at recoverFromConcurrentError (/Users/Yousef_1/Dokumenter/Kodefiler/Ejaztemplate/LearningLab/LearningLab/node_modules/react-dom/cjs/react-dom.development.js:25850:20)
        at performConcurrentWorkOnRoot (/Users/Yousef_1/Dokumenter/Kodefiler/Ejaztemplate/LearningLab/LearningLab/node_modules/react-dom/cjs/react-dom.development.js:25750:22)
        at flushActQueue (/Users/Yousef_1/Dokumenter/Kodefiler/Ejaztemplate/LearningLab/LearningLab/node_modules/react/cjs/react.development.js:2667:24)
        at act (/Users/Yousef_1/Dokumenter/Kodefiler/Ejaztemplate/LearningLab/LearningLab/node_modules/react/cjs/react.development.js:2582:11)
        at /Users/Yousef_1/Dokumenter/Kodefiler/Ejaztemplate/LearningLab/LearningLab/node_modules/@testing-library/react/dist/act-compat.js:47:25
        at renderRoot (/Users/Yousef_1/Dokumenter/Kodefiler/Ejaztemplate/LearningLab/LearningLab/node_modules/@testing-library/react/dist/pure.js:180:26)
        at render (/Users/Yousef_1/Dokumenter/Kodefiler/Ejaztemplate/LearningLab/LearningLab/node_modules/@testing-library/react/dist/pure.js:271:10)
        at Object.<anonymous> (/Users/Yousef_1/Dokumenter/Kodefiler/Ejaztemplate/LearningLab/LearningLab/apps/web/src/screens/auth/login/login.test.tsx:12:9)
        at Promise.then.completed (/Users/Yousef_1/Dokumenter/Kodefiler/Ejaztemplate/LearningLab/LearningLab/node_modules/jest-circus/build/utils.js:298:28)
        at new Promise (<anonymous>)
        at callAsyncCircusFn (/Users/Yousef_1/Dokumenter/Kodefiler/Ejaztemplate/LearningLab/LearningLab/node_modules/jest-circus/build/utils.js:231:10)
        at _callCircusTest (/Users/Yousef_1/Dokumenter/Kodefiler/Ejaztemplate/LearningLab/LearningLab/node_modules/jest-circus/build/run.js:316:40)
        at processTicksAndRejections (node:internal/process/task_queues:105:5)
        at _runTest (/Users/Yousef_1/Dokumenter/Kodefiler/Ejaztemplate/LearningLab/LearningLab/node_modules/jest-circus/build/run.js:252:3)
        at _runTestsForDescribeBlock (/Users/Yousef_1/Dokumenter/Kodefiler/Ejaztemplate/LearningLab/LearningLab/node_modules/jest-circus/build/run.js:126:9)
        at run (/Users/Yousef_1/Dokumenter/Kodefiler/Ejaztemplate/LearningLab/LearningLab/node_modules/jest-circus/build/run.js:71:3)
        at runAndTransformResultsToJestFormat (/Users/Yousef_1/Dokumenter/Kodefiler/Ejaztemplate/LearningLab/LearningLab/node_modules/jest-circus/build/legacy-code-todo-rewrite/jestAdapterInit.js:122:21)
        at jestAdapter (/Users/Yousef_1/Dokumenter/Kodefiler/Ejaztemplate/LearningLab/LearningLab/node_modules/jest-circus/build/legacy-code-todo-rewrite/jestAdapter.js:79:19)
        at runTestInternal (/Users/Yousef_1/Dokumenter/Kodefiler/Ejaztemplate/LearningLab/LearningLab/node_modules/jest-runner/build/runTest.js:367:16)
        at runTest (/Users/Yousef_1/Dokumenter/Kodefiler/Ejaztemplate/LearningLab/LearningLab/node_modules/jest-runner/build/runTest.js:444:34)
        at Object.worker (/Users/Yousef_1/Dokumenter/Kodefiler/Ejaztemplate/LearningLab/LearningLab/node_modules/jest-runner/build/testWorker.js:106:12) {
      detail: Error: NextRouter was not mounted. https://nextjs.org/docs/messages/next-router-not-mounted
          at useRouter (/Users/Yousef_1/Dokumenter/Kodefiler/Ejaztemplate/LearningLab/LearningLab/node_modules/next/src/client/router.ts:135:11)
          at AuthProvider (/Users/Yousef_1/Dokumenter/Kodefiler/Ejaztemplate/LearningLab/LearningLab/apps/web/src/context/AuthContext.tsx:38:27)
          at renderWithHooks (/Users/Yousef_1/Dokumenter/Kodefiler/Ejaztemplate/LearningLab/LearningLab/node_modules/react-dom/cjs/react-dom.development.js:16305:18)
          at mountIndeterminateComponent (/Users/Yousef_1/Dokumenter/Kodefiler/Ejaztemplate/LearningLab/LearningLab/node_modules/react-dom/cjs/react-dom.development.js:20074:13)
          at beginWork (/Users/Yousef_1/Dokumenter/Kodefiler/Ejaztemplate/LearningLab/LearningLab/node_modules/react-dom/cjs/react-dom.development.js:21587:16)
          at HTMLUnknownElement.callCallback (/Users/Yousef_1/Dokumenter/Kodefiler/Ejaztemplate/LearningLab/LearningLab/node_modules/react-dom/cjs/react-dom.development.js:4164:14)
          at HTMLUnknownElement.callTheUserObjectsOperation (/Users/Yousef_1/Dokumenter/Kodefiler/Ejaztemplate/LearningLab/LearningLab/node_modules/jsdom/lib/jsdom/living/generated/EventListener.js:26:30)
          at innerInvokeEventListeners (/Users/Yousef_1/Dokumenter/Kodefiler/Ejaztemplate/LearningLab/LearningLab/node_modules/jsdom/lib/jsdom/living/events/EventTarget-impl.js:350:25)
          at invokeEventListeners (/Users/Yousef_1/Dokumenter/Kodefiler/Ejaztemplate/LearningLab/LearningLab/node_modules/jsdom/lib/jsdom/living/events/EventTarget-impl.js:286:3)
          at HTMLUnknownElementImpl._dispatch (/Users/Yousef_1/Dokumenter/Kodefiler/Ejaztemplate/LearningLab/LearningLab/node_modules/jsdom/lib/jsdom/living/events/EventTarget-impl.js:233:9)
          at HTMLUnknownElementImpl.dispatchEvent (/Users/Yousef_1/Dokumenter/Kodefiler/Ejaztemplate/LearningLab/LearningLab/node_modules/jsdom/lib/jsdom/living/events/EventTarget-impl.js:104:17)
          at HTMLUnknownElement.dispatchEvent (/Users/Yousef_1/Dokumenter/Kodefiler/Ejaztemplate/LearningLab/LearningLab/node_modules/jsdom/lib/jsdom/living/generated/EventTarget.js:241:34)
          at Object.invokeGuardedCallbackDev (/Users/Yousef_1/Dokumenter/Kodefiler/Ejaztemplateact-dom.development.js:4213:16)odules/react-dom/cjs/r
          at invokeGuardedCallback (/Users/Yousef_1/Dokumenter/Kodefiler/Ejaztemplate/LearningLab/LearningLab/node_modules/react-dom/cjs/react-dom.development.js:4277:31)
          at beginWork$1 (/Users/Yousef_1/Dokumenter/Kodefiler/Ejaztemplate/LearningLab/LearningLab/node_modules/react-dom/cjs/react-dom.development.js:27451:7)
          at performUnitOfWork (/Users/Yousef_1/Dokumenter/Kodefiler/Ejaztemplate/LearningLab/LearningLab/node_modules/react-dom/cjs/react-dom.development.js:26560:12)
          at workLoopSync (/Users/Yousef_1/Dokumenter/Kodefiler/Ejaztemplate/LearningLab/LearningLab/node_modules/react-dom/cjs/react-dom.development.js:26466:5)
          at renderRootSync (/Users/Yousef_1/Dokumenter/Kodefiler/Ejaztemplate/LearningLab/LearningLab/node_modules/react-dom/cjs/react-dom.development.js:26434:7)
          at recoverFromConcurrentError (/Users/Yousef_1/Dokumenter/Kodefiler/Ejaztemplate/LearningLab/LearningLab/node_modules/react-dom/cjs/react-dom.development.js:25850:20)
          at performConcurrentWorkOnRoot (/Users/Yousef_1/Dokumenter/Kodefiler/Ejaztemplate/LearningLab/LearningLab/node_modules/react-dom/cjs/react-dom.development.js:25750:22)
          at flushActQueue (/Users/Yousef_1/Dokumenter/Kodefiler/Ejaztemplate/LearningLab/LearningLab/node_modules/react/cjs/react.development.js:2667:24)
          at act (/Users/Yousef_1/Dokumenter/Kodefiler/Ejaztemplate/LearningLab/LearningLab/node_modules/react/cjs/react.development.js:2582:11)
          at /Users/Yousef_1/Dokumenter/Kodefiler/Ejaztemplate/LearningLab/LearningLab/node_modules/@testing-library/react/dist/act-compat.js:47:25
          at renderRoot (/Users/Yousef_1/Dokumenter/Kodefiler/Ejaztemplate/LearningLab/LearningLab/node_modules/@testing-library/react/dist/pure.js:180:26)
          at render (/Users/Yousef_1/Dokumenter/Kodefiler/Ejaztemplate/LearningLab/LearningLab/node_modules/@testing-library/react/dist/pure.js:271:10)
          at Object.<anonymous> (/Users/Yousef_1/Dokumenter/Kodefiler/Ejaztemplate/LearningLab/LearningLab/apps/web/src/screens/auth/login/login.test.tsx:12:9)
          at Promise.then.completed (/Users/Yousef_1/Dokumenter/Kodefiler/Ejaztemplate/LearningLab/LearningLab/node_modules/jest-circus/build/utils.js:298:28)
          at new Promise (<anonymous>)
          at callAsyncCircusFn (/Users/Yousef_1/Dokumenter/Kodefiler/Ejaztemplate/LearningLab/LearningLab/node_modules/jest-circus/build/utils.js:231:10)
          at _callCircusTest (/Users/Yousef_1/Dokumenter/Kodefiler/Ejaztemplate/LearningLab/LearningLab/node_modules/jest-circus/build/run.js:316:40)
          at processTicksAndRejections (node:internal/process/task_queues:105:5)
          at _runTest (/Users/Yousef_1/Dokumenter/Kodefiler/Ejaztemplate/LearningLab/LearningLab/node_modules/jest-circus/build/run.js:252:3)
          at _runTestsForDescribeBlock (/Users/Yousef_1/Dokumenter/Kodefiler/Ejaztemplate/LearningLab/LearningLab/node_modules/jest-circus/build/run.js:126:9)
          at run (/Users/Yousef_1/Dokumenter/Kodefiler/Ejaztemplate/LearningLab/LearningLab/node_modules/jest-circus/build/run.js:71:3)
          at runAndTransformResultsToJestFormat (/Users/Yousef_1/Dokumenter/Kodefiler/Ejaztemplate/LearningLab/LearningLab/node_modules/jest-circus/build/legacy-code-todo-rewrite/jestAdapterInit.js:122:21)
          at jestAdapter (/Users/Yousef_1/Dokumenter/Kodefiler/Ejaztemplate/LearningLab/LearningLab/node_modules/jest-circus/build/legacy-code-todo-rewrite/jestAdapter.js:79:19)
          at runTestInternal (/Users/Yousef_1/Dokumenter/Kodefiler/Ejaztemplate/LearningLab/LearningLab/node_modules/jest-runner/build/runTest.js:367:16)
          at runTest (/Users/Yousef_1/Dokumenter/Kodefiler/Ejaztemplate/LearningLab/LearningLab/node_modules/jest-runner/build/runTest.js:444:34)
          at Object.worker (/Users/Yousef_1/Dokumenter/Kodefiler/Ejaztemplate/LearningLab/LearningLab/node_modules/jest-runner/build/testWorker.js:106:12),
      type: 'unhandled exception'
    }

      10 |
      11 | test("render login component", () => {
    > 12 |   render(
         |         ^
      13 |     <AuthProvider>
      14 |       <LoginScreen />
      15 |     </AuthProvider>

      at VirtualConsole.<anonymous> (../../node_modules/jest-environment-jsdom/build/index.js:63:23)
      at reportException (../../node_modules/jsdom/lib/jsdom/living/helpers/runtime-script-errors.js:70:28)
      at innerInvokeEventListeners (../../node_modules/jsdom/lib/jsdom/living/events/EventTarget-impl.js:353:9)
      at invokeEventListeners (../../node_modules/jsdom/lib/jsdom/living/events/EventTarget-impl.js:286:3)
      at HTMLUnknownElementImpl._dispatch (../../node_modules/jsdom/lib/jsdom/living/events/EventTarget-impl.js:233:9)
      at HTMLUnknownElementImpl.dispatchEvent (../../node_modules/jsdom/lib/jsdom/living/events/EventTarget-impl.js:104:17)
      at HTMLUnknownElement.dispatchEvent (../../node_modules/jsdom/lib/jsdom/living/generated/EventTarget.js:241:34)
      at Object.invokeGuardedCallbackDev (../../node_modules/react-dom/cjs/react-dom.development.js:4213:16)
      at invokeGuardedCallback (../../node_modules/react-dom/cjs/react-dom.development.js:4277:31)
      at beginWork$1 (../../node_modules/react-dom/cjs/react-dom.development.js:27451:7)
      at performUnitOfWork (../../node_modules/react-dom/cjs/react-dom.development.js:26560:12)
      at workLoopSync (../../node_modules/react-dom/cjs/react-dom.development.js:26466:5)
      at renderRootSync (../../node_modules/react-dom/cjs/react-dom.development.js:26434:7)
      at recoverFromConcurrentError (../../node_modules/react-dom/cjs/react-dom.development.js:25850:20)
      at performConcurrentWorkOnRoot (../../node_modules/react-dom/cjs/react-dom.development.js:25750:22)
      at flushActQueue (../../node_modules/react/cjs/react.development.js:2667:24)
      at act (../../node_modules/react/cjs/react.development.js:2582:11)
      at ../../node_modules/@testing-library/react/dist/act-compat.js:47:25
      at renderRoot (../../node_modules/@testing-library/react/dist/pure.js:180:26)
      at render (../../node_modules/@testing-library/react/dist/pure.js:271:10)
      at Object.<anonymous> (src/screens/auth/login/login.test.tsx:12:9)

  console.error
    The above error occurred in the <AuthProvider> component:
    
        at children (/Users/Yousef_1/Dokumenter/Kodefiler/Ejaztemplate/LearningLab/LearningLab/apps/web/src/context/AuthContext.tsx:34:32)
    
    Consider adding an error boundary to your tree to customize error handling behavior.
    Visit https://reactjs.org/link/error-boundaries to learn more about error boundaries.

      10 |
 FAIL  src/screens/auth/login/login.test.tsx
  ✕ render login component (66 ms)

  ● render login component

    NextRouter was not mounted. https://nextjs.org/docs/messages/next-router-not-mounted

      36 |   const [token, setToken] = useState<string | null>(null);
      37 |   const [isLoading, setIsLoading] = useState<boolean>(true); // Start med loading true for at tjekke initial auth state
    > 38 |   const router = useRouter();
         |                           ^
      39 |
      40 |   // Funktion til at hente brugerprofil baseret på et token
      41 |   const fetchUserProfile = async (currentToken: string) => {

      at useRouter (../../node_modules/next/src/client/router.ts:135:11)
      at AuthProvider (src/context/AuthContext.tsx:38:27)
      at renderWithHooks (../../node_modules/react-dom/cjs/react-dom.development.js:16305:18)
      at mountIndeterminateComponent (../../node_modules/react-dom/cjs/react-dom.development.js:20074:13)
      at beginWork (../../node_modules/react-dom/cjs/react-dom.development.js:21587:16)
      at beginWork$1 (../../node_modules/react-dom/cjs/react-dom.development.js:27426:14)
      at performUnitOfWork (../../node_modules/react-dom/cjs/react-dom.development.js:26560:12)
      at workLoopSync (../../node_modules/react-dom/cjs/react-dom.development.js:26466:5)
      at renderRootSync (../../node_modules/react-dom/cjs/react-dom.development.js:26434:7)
      at recoverFromConcurrentError (../../node_modules/react-dom/cjs/react-dom.development.js:25850:20)
      at performConcurrentWorkOnRoot (../../node_modules/react-dom/cjs/react-dom.development.js:25750:22)
      at flushActQueue (../../node_modules/react/cjs/react.development.js:2667:24)
      at act (../../node_modules/react/cjs/react.development.js:2582:11)
      at ../../node_modules/@testing-library/react/dist/act-compat.js:47:25
      at renderRoot (../../node_modules/@testing-library/react/dist/pure.js:180:26)
      at render (../../node_modules/@testing-library/react/dist/pure.js:271:10)
      at Object.<anonymous> (src/screens/auth/login/login.test.tsx:12:9)

    11 | test("render login component", () => {
    > 12 |   render(
         |         ^
      13 |     <AuthProvider>
      14 |       <LoginScreen />
      15 |     </AuthProvider>

      at logCapturedError (../../node_modules/react-dom/cjs/react-dom.development.js:18687:23)
      at update.callback (../../node_modules/react-dom/cjs/react-dom.development.js:18720:5)
      at callCallback (../../node_modules/react-dom/cjs/react-dom.development.js:13923:12)
      at commitUpdateQueue (../../node_modules/react-dom/cjs/react-dom.development.js:13944:9)
      at commitLayoutEffectOnFiber (../../node_modules/react-dom/cjs/react-dom.development.js:23391:13)
      at commitLayoutMountEffects_complete (../../node_modules/react-dom/cjs/react-dom.development.js:24688:9)
      at commitLayoutEffects_begin (../../node_modules/react-dom/cjs/react-dom.development.js:24674:7)
      at commitLayoutEffects (../../node_modules/react-dom/cjs/react-dom.development.js:24612:3)
      at commitRootImpl (../../node_modules/react-dom/cjs/react-dom.development.js:26823:5)
      at commitRoot (../../node_modules/react-dom/cjs/react-dom.development.js:26682:5)
      at finishConcurrentRender (../../node_modules/react-dom/cjs/react-dom.development.js:25892:9)
      at performConcurrentWorkOnRoot (../../node_modules/react-dom/cjs/react-dom.development.js:25809:7)
      at flushActQueue (../../node_modules/react/cjs/react.development.js:2667:24)
      at act (../../node_modules/react/cjs/react.development.js:2582:11)
      at ../../node_modules/@testing-library/react/dist/act-compat.js:47:25
      at renderRoot (../../node_modules/@testing-library/react/dist/pure.js:180:26)
      at render (../../node_modules/@testing-library/react/dist/pure.js:271:10)
      at Object.<anonymous> (src/screens/auth/login/login.test.tsx:12:9)

Test Suites: 1 failed, 1 total
Tests:       1 failed, 1 total
Snapshots:   0 total
Time:        1.022 s
Ran all test suites.

Watch Usage: Press w to show more.

10.

direnv: loading ~/Dokumenter/Kodefiler/Ejaztemplate/LearningLab/LearningLab/.envrc            
direnv: export +DATABASE_URL +JWT_EXPIRES_IN +JWT_SECRET +NEXT_PUBLIC_API_URL ~PATH
Yousef@MacBook-Pro-tilhrende-Yousef LearningLab % npx prisma generate
# eller
nps prisma.generate

Environment variables loaded from .env
Error: Could not find Prisma Schema that is required for this command.
You can either provide it with `--schema` argument, set it as `prisma.schema` in your package.json or put it into the default location.
Checked following paths:

schema.prisma: file not found
prisma/schema.prisma: file not found
prisma/schema: directory not found

See also https://pris.ly/d/prisma-schema-location
nps is executing `prisma.generate` : cd /Users/Yousef_1/Dokumenter/Kodefiler/Ejaztemplate/LearningLab/LearningLab/apps/api && npx prisma generate
Environment variables loaded from .env
Prisma schema loaded from prisma/schema.prisma

✔ Generated Prisma Client (v5.22.0) to ./../../node_modules/@prisma/client in 44ms

Start by importing your Prisma Client (See: https://pris.ly/d/importing-client)

Tip: Need your database queries to be 1000x faster? Accelerate offers you that and more: https://pris.ly/tip-2-accelerate

┌─────────────────────────────────────────────────────────┐
│  Update available 5.22.0 -> 6.8.2                       │
│                                                         │
│  This is a major update - please follow the guide at    │
│  https://pris.ly/d/major-version-upgrade                │
│                                                         │
│  Run the following to update                            │
│    npm i --save-dev prisma@latest                       │
│    npm i @prisma/client@latest                          │
└─────────────────────────────────────────────────────────┘
Yousef@MacBook-Pro-tilhrende-Yousef LearningLab % 


11.
direnv: loading ~/Dokumenter/Kodefiler/Ejaztemplate/LearningLab/LearningLab/.envrc            
direnv: export +DATABASE_URL +JWT_EXPIRES_IN +JWT_SECRET +NEXT_PUBLIC_API_URL ~PATH
Yousef@MacBook-Pro-tilhrende-Yousef LearningLab % npx prisma migrate dev
# eller
nps prisma.migrate.dev

Environment variables loaded from .env
Error: Could not find Prisma Schema that is required for this command.
You can either provide it with `--schema` argument, set it as `prisma.schema` in your package.json or put it into the default location.
Checked following paths:

schema.prisma: file not found
prisma/schema.prisma: file not found
prisma/schema: directory not found

See also https://pris.ly/d/prisma-schema-location
nps is executing `prisma.migrate.dev` : cd /Users/Yousef_1/Dokumenter/Kodefiler/Ejaztemplate/LearningLab/LearningLab/apps/api && npx prisma migrate dev
Environment variables loaded from .env
Prisma schema loaded from prisma/schema.prisma
Datasource "db": PostgreSQL database "learninglab_dev", schema "public" at "localhost:5432"

Already in sync, no schema change or pending migration was found.

✔ Generated Prisma Client (v5.22.0) to ./../../node_modules/@prisma/client in 44ms


Yousef@MacBook-Pro-tilhrende-Yousef LearningLab % 




